<?xml version="1.0" encoding="UTF-8"?>
<!-- Generated by org.testng.reporters.JUnitReportReporter -->
<testsuite hostname="Qspiders" failures="0" tests="1" name="Smoke.PrpgramTest" time="0.012" errors="0" timestamp="2024-10-29T16:45:04 IST" skipped="0">
  <testcase classname="Smoke.PrpgramTest" name="testCase" time="0.012"/>
  <system-out>
    <![CDATA[Test Case Executed]]>
  </system-out>
</testsuite> <!-- Smoke.PrpgramTest -->
